<?xml version="1.0" encoding="UTF-8"?>
<!-- Generated by org.testng.reporters.JUnitXMLReporter -->
<testsuite ignored="2" hostname="DESKTOP-G4MIS6J" failures="0" tests="3" name="Test" time="0.243" errors="0" timestamp="2024-02-20T14:41:55 IST">
  <testcase classname="pomtest.BaseTest" name="@BeforeClass createobject" time="0.095">
    <failure type="java.lang.NullPointerException" message="Cannot invoke &amp;quot;org.openqa.selenium.WebDriver.findElement(org.openqa.selenium.By)&amp;quot; because &amp;quot;this.driver&amp;quot; is null">
      <![CDATA[java.lang.NullPointerException: Cannot invoke "org.openqa.selenium.WebDriver.findElement(org.openqa.selenium.By)" because "this.driver" is null
at pompages.Dashboardpage.<init>(Dashboardpage.java:13)
at pomtest.BaseTest.createobject(BaseTest.java:56)
at java.base/java.util.ArrayList.forEach(ArrayList.java:1511)
... Removed 25 stack frames]]>
    </failure>
  </testcase> <!-- @BeforeClass createobject -->
  <testcase classname="pomtest.BaseTest" name="@BeforeClass createobject" time="0.001">
    <failure type="java.lang.NullPointerException" message="Cannot invoke &amp;quot;org.openqa.selenium.WebDriver.findElement(org.openqa.selenium.By)&amp;quot; because &amp;quot;this.driver&amp;quot; is null">
      <![CDATA[java.lang.NullPointerException: Cannot invoke "org.openqa.selenium.WebDriver.findElement(org.openqa.selenium.By)" because "this.driver" is null
at pompages.Dashboardpage.<init>(Dashboardpage.java:13)
at pomtest.BaseTest.createobject(BaseTest.java:56)
at java.base/java.util.ArrayList.forEach(ArrayList.java:1511)
... Removed 25 stack frames]]>
    </failure>
  </testcase> <!-- @BeforeClass createobject -->
  <testcase classname="pomtest.LoginTest" name="login" time="0.0">
    <skipped/>
  </testcase> <!-- login -->
  <testcase classname="pomtest.DashboardTest" name="verifyDashboardpage" time="0.0">
    <skipped/>
  </testcase> <!-- verifyDashboardpage -->
  <testcase classname="pomtest.DashboardTest" name="clickonMytimesheetsButton" time="0.0">
    <skipped/>
  </testcase> <!-- clickonMytimesheetsButton -->
  <testcase classname="pomtest.BaseTest" name="@BeforeSuite initBrowser" time="0.0">
    <ignored/>
  </testcase> <!-- @BeforeSuite initBrowser -->
  <testcase classname="pomtest.BaseTest" name="@BeforeSuite initBrowser" time="0.0">
    <ignored/>
  </testcase> <!-- @BeforeSuite initBrowser -->
</testsuite> <!-- Test -->
